2015/06/18 19:01:28 [error] [php] include(UsuarioAdministrador.php) [<a href='function.include'>function.include</a>]: failed to open stream: No such file or directory (C:\wamp\www\yii\framework\YiiBase.php:432)
Stack trace:
#0 C:\wamp\www\testrekoadministracion\protected\components\UserIdentity.php(9): spl_autoload_call()
#1 C:\wamp\www\testrekoadministracion\protected\models\LoginForm.php(52): UserIdentity->authenticate()
#2 C:\wamp\www\yii\framework\validators\CInlineValidator.php(42): LoginForm->authenticate()
#3 C:\wamp\www\yii\framework\validators\CValidator.php(201): CInlineValidator->validateAttribute()
#4 C:\wamp\www\yii\framework\base\CModel.php(159): CInlineValidator->validate()
#5 C:\wamp\www\testrekoadministracion\protected\controllers\SiteController.php(94): LoginForm->validate()
#6 C:\wamp\www\yii\framework\web\actions\CInlineAction.php(49): SiteController->actionLogin()
#7 C:\wamp\www\yii\framework\web\CController.php(308): CInlineAction->runWithParams()
#8 C:\wamp\www\yii\framework\web\CController.php(286): SiteController->runAction()
#9 C:\wamp\www\yii\framework\web\CController.php(265): SiteController->runActionWithFilters()
#10 C:\wamp\www\yii\framework\web\CWebApplication.php(282): SiteController->run()
#11 C:\wamp\www\yii\framework\web\CWebApplication.php(141): CWebApplication->runController()
#12 C:\wamp\www\yii\framework\base\CApplication.php(184): CWebApplication->processRequest()
#13 C:\wamp\www\testrekoadministracion\index.php(13): CWebApplication->run()
REQUEST_URI=/testrekoadministracion/site/login
in C:\wamp\www\testrekoadministracion\protected\components\UserIdentity.php (9)
in C:\wamp\www\testrekoadministracion\protected\models\LoginForm.php (52)
in C:\wamp\www\testrekoadministracion\protected\controllers\SiteController.php (94)
2015/06/18 19:02:46 [error] [php] include(UsuarioAdministrador.php) [<a href='function.include'>function.include</a>]: failed to open stream: No such file or directory (C:\wamp\www\yii\framework\YiiBase.php:432)
Stack trace:
#0 C:\wamp\www\testrekoadministracion\protected\components\UserIdentity.php(9): spl_autoload_call()
#1 C:\wamp\www\testrekoadministracion\protected\models\LoginForm.php(52): UserIdentity->authenticate()
#2 C:\wamp\www\yii\framework\validators\CInlineValidator.php(42): LoginForm->authenticate()
#3 C:\wamp\www\yii\framework\validators\CValidator.php(201): CInlineValidator->validateAttribute()
#4 C:\wamp\www\yii\framework\base\CModel.php(159): CInlineValidator->validate()
#5 C:\wamp\www\testrekoadministracion\protected\controllers\SiteController.php(94): LoginForm->validate()
#6 C:\wamp\www\yii\framework\web\actions\CInlineAction.php(49): SiteController->actionLogin()
#7 C:\wamp\www\yii\framework\web\CController.php(308): CInlineAction->runWithParams()
#8 C:\wamp\www\yii\framework\web\CController.php(286): SiteController->runAction()
#9 C:\wamp\www\yii\framework\web\CController.php(265): SiteController->runActionWithFilters()
#10 C:\wamp\www\yii\framework\web\CWebApplication.php(282): SiteController->run()
#11 C:\wamp\www\yii\framework\web\CWebApplication.php(141): CWebApplication->runController()
#12 C:\wamp\www\yii\framework\base\CApplication.php(184): CWebApplication->processRequest()
#13 C:\wamp\www\testrekoadministracion\index.php(13): CWebApplication->run()
REQUEST_URI=/testrekoadministracion/site/login
in C:\wamp\www\testrekoadministracion\protected\components\UserIdentity.php (9)
in C:\wamp\www\testrekoadministracion\protected\models\LoginForm.php (52)
in C:\wamp\www\testrekoadministracion\protected\controllers\SiteController.php (94)
2015/06/18 19:04:01 [error] [php] include(UsuarioAdministrador.php) [<a href='function.include'>function.include</a>]: failed to open stream: No such file or directory (C:\wamp\www\yii\framework\YiiBase.php:432)
Stack trace:
#0 C:\wamp\www\testrekoadministracion\protected\components\UserIdentity.php(9): spl_autoload_call()
#1 C:\wamp\www\testrekoadministracion\protected\models\LoginForm.php(52): UserIdentity->authenticate()
#2 C:\wamp\www\yii\framework\validators\CInlineValidator.php(42): LoginForm->authenticate()
#3 C:\wamp\www\yii\framework\validators\CValidator.php(201): CInlineValidator->validateAttribute()
#4 C:\wamp\www\yii\framework\base\CModel.php(159): CInlineValidator->validate()
#5 C:\wamp\www\testrekoadministracion\protected\controllers\SiteController.php(94): LoginForm->validate()
#6 C:\wamp\www\yii\framework\web\actions\CInlineAction.php(49): SiteController->actionLogin()
#7 C:\wamp\www\yii\framework\web\CController.php(308): CInlineAction->runWithParams()
#8 C:\wamp\www\yii\framework\web\CController.php(286): SiteController->runAction()
#9 C:\wamp\www\yii\framework\web\CController.php(265): SiteController->runActionWithFilters()
#10 C:\wamp\www\yii\framework\web\CWebApplication.php(282): SiteController->run()
#11 C:\wamp\www\yii\framework\web\CWebApplication.php(141): CWebApplication->runController()
#12 C:\wamp\www\yii\framework\base\CApplication.php(184): CWebApplication->processRequest()
#13 C:\wamp\www\testrekoadministracion\index.php(13): CWebApplication->run()
REQUEST_URI=/testrekoadministracion/site/login
in C:\wamp\www\testrekoadministracion\protected\components\UserIdentity.php (9)
in C:\wamp\www\testrekoadministracion\protected\models\LoginForm.php (52)
in C:\wamp\www\testrekoadministracion\protected\controllers\SiteController.php (94)
2015/06/18 19:04:07 [error] [php] include(UsuarioAdministrador.php) [<a href='function.include'>function.include</a>]: failed to open stream: No such file or directory (C:\wamp\www\yii\framework\YiiBase.php:432)
Stack trace:
#0 C:\wamp\www\testrekoadministracion\protected\components\UserIdentity.php(9): spl_autoload_call()
#1 C:\wamp\www\testrekoadministracion\protected\models\LoginForm.php(52): UserIdentity->authenticate()
#2 C:\wamp\www\yii\framework\validators\CInlineValidator.php(42): LoginForm->authenticate()
#3 C:\wamp\www\yii\framework\validators\CValidator.php(201): CInlineValidator->validateAttribute()
#4 C:\wamp\www\yii\framework\base\CModel.php(159): CInlineValidator->validate()
#5 C:\wamp\www\testrekoadministracion\protected\controllers\SiteController.php(94): LoginForm->validate()
#6 C:\wamp\www\yii\framework\web\actions\CInlineAction.php(49): SiteController->actionLogin()
#7 C:\wamp\www\yii\framework\web\CController.php(308): CInlineAction->runWithParams()
#8 C:\wamp\www\yii\framework\web\CController.php(286): SiteController->runAction()
#9 C:\wamp\www\yii\framework\web\CController.php(265): SiteController->runActionWithFilters()
#10 C:\wamp\www\yii\framework\web\CWebApplication.php(282): SiteController->run()
#11 C:\wamp\www\yii\framework\web\CWebApplication.php(141): CWebApplication->runController()
#12 C:\wamp\www\yii\framework\base\CApplication.php(184): CWebApplication->processRequest()
#13 C:\wamp\www\testrekoadministracion\index.php(13): CWebApplication->run()
REQUEST_URI=/testrekoadministracion/site/login
in C:\wamp\www\testrekoadministracion\protected\components\UserIdentity.php (9)
in C:\wamp\www\testrekoadministracion\protected\models\LoginForm.php (52)
in C:\wamp\www\testrekoadministracion\protected\controllers\SiteController.php (94)
2015/06/18 19:08:13 [error] [php] include(C:\wamp\www\testrekoadministracion\protected\modules\administracion_usuario_administrador\UsuarioAdministrador.php) [<a href='function.include'>function.include</a>]: failed to open stream: No such file or directory (C:\wamp\www\yii\framework\YiiBase.php:404)
Stack trace:
#0 C:\wamp\www\testrekoadministracion\protected\components\UserIdentity.php(10): spl_autoload_call()
#1 C:\wamp\www\testrekoadministracion\protected\models\LoginForm.php(52): UserIdentity->authenticate()
#2 C:\wamp\www\yii\framework\validators\CInlineValidator.php(42): LoginForm->authenticate()
#3 C:\wamp\www\yii\framework\validators\CValidator.php(201): CInlineValidator->validateAttribute()
#4 C:\wamp\www\yii\framework\base\CModel.php(159): CInlineValidator->validate()
#5 C:\wamp\www\testrekoadministracion\protected\controllers\SiteController.php(94): LoginForm->validate()
#6 C:\wamp\www\yii\framework\web\actions\CInlineAction.php(49): SiteController->actionLogin()
#7 C:\wamp\www\yii\framework\web\CController.php(308): CInlineAction->runWithParams()
#8 C:\wamp\www\yii\framework\web\CController.php(286): SiteController->runAction()
#9 C:\wamp\www\yii\framework\web\CController.php(265): SiteController->runActionWithFilters()
#10 C:\wamp\www\yii\framework\web\CWebApplication.php(282): SiteController->run()
#11 C:\wamp\www\yii\framework\web\CWebApplication.php(141): CWebApplication->runController()
#12 C:\wamp\www\yii\framework\base\CApplication.php(184): CWebApplication->processRequest()
#13 C:\wamp\www\testrekoadministracion\index.php(13): CWebApplication->run()
REQUEST_URI=/testrekoadministracion/site/login
in C:\wamp\www\testrekoadministracion\protected\components\UserIdentity.php (10)
in C:\wamp\www\testrekoadministracion\protected\models\LoginForm.php (52)
in C:\wamp\www\testrekoadministracion\protected\controllers\SiteController.php (94)
2015/06/18 19:13:39 [error] [php] include(UsuarioAdministrador.php) [<a href='function.include'>function.include</a>]: failed to open stream: No such file or directory (C:\wamp\www\yii\framework\YiiBase.php:432)
Stack trace:
#0 C:\wamp\www\testrekoadministracion\protected\components\UserIdentity.php(11): spl_autoload_call()
#1 C:\wamp\www\testrekoadministracion\protected\models\LoginForm.php(52): UserIdentity->authenticate()
#2 C:\wamp\www\yii\framework\validators\CInlineValidator.php(42): LoginForm->authenticate()
#3 C:\wamp\www\yii\framework\validators\CValidator.php(201): CInlineValidator->validateAttribute()
#4 C:\wamp\www\yii\framework\base\CModel.php(159): CInlineValidator->validate()
#5 C:\wamp\www\testrekoadministracion\protected\controllers\SiteController.php(94): LoginForm->validate()
#6 C:\wamp\www\yii\framework\web\actions\CInlineAction.php(49): SiteController->actionLogin()
#7 C:\wamp\www\yii\framework\web\CController.php(308): CInlineAction->runWithParams()
#8 C:\wamp\www\yii\framework\web\CController.php(286): SiteController->runAction()
#9 C:\wamp\www\yii\framework\web\CController.php(265): SiteController->runActionWithFilters()
#10 C:\wamp\www\yii\framework\web\CWebApplication.php(282): SiteController->run()
#11 C:\wamp\www\yii\framework\web\CWebApplication.php(141): CWebApplication->runController()
#12 C:\wamp\www\yii\framework\base\CApplication.php(184): CWebApplication->processRequest()
#13 C:\wamp\www\testrekoadministracion\index.php(13): CWebApplication->run()
REQUEST_URI=/testrekoadministracion/site/login
in C:\wamp\www\testrekoadministracion\protected\components\UserIdentity.php (11)
in C:\wamp\www\testrekoadministracion\protected\models\LoginForm.php (52)
in C:\wamp\www\testrekoadministracion\protected\controllers\SiteController.php (94)
2015/06/18 19:14:18 [error] [php] include(UsuarioAdministrador.php) [<a href='function.include'>function.include</a>]: failed to open stream: No such file or directory (C:\wamp\www\yii\framework\YiiBase.php:432)
Stack trace:
#0 C:\wamp\www\testrekoadministracion\protected\components\UserIdentity.php(11): spl_autoload_call()
#1 C:\wamp\www\testrekoadministracion\protected\models\LoginForm.php(52): UserIdentity->authenticate()
#2 C:\wamp\www\yii\framework\validators\CInlineValidator.php(42): LoginForm->authenticate()
#3 C:\wamp\www\yii\framework\validators\CValidator.php(201): CInlineValidator->validateAttribute()
#4 C:\wamp\www\yii\framework\base\CModel.php(159): CInlineValidator->validate()
#5 C:\wamp\www\testrekoadministracion\protected\controllers\SiteController.php(94): LoginForm->validate()
#6 C:\wamp\www\yii\framework\web\actions\CInlineAction.php(49): SiteController->actionLogin()
#7 C:\wamp\www\yii\framework\web\CController.php(308): CInlineAction->runWithParams()
#8 C:\wamp\www\yii\framework\web\CController.php(286): SiteController->runAction()
#9 C:\wamp\www\yii\framework\web\CController.php(265): SiteController->runActionWithFilters()
#10 C:\wamp\www\yii\framework\web\CWebApplication.php(282): SiteController->run()
#11 C:\wamp\www\yii\framework\web\CWebApplication.php(141): CWebApplication->runController()
#12 C:\wamp\www\yii\framework\base\CApplication.php(184): CWebApplication->processRequest()
#13 C:\wamp\www\testrekoadministracion\index.php(13): CWebApplication->run()
REQUEST_URI=/testrekoadministracion/site/login
in C:\wamp\www\testrekoadministracion\protected\components\UserIdentity.php (11)
in C:\wamp\www\testrekoadministracion\protected\models\LoginForm.php (52)
in C:\wamp\www\testrekoadministracion\protected\controllers\SiteController.php (94)
2015/06/18 19:16:11 [error] [php] Undefined variable: modulo (C:\wamp\www\testrekoadministracion\protected\components\UserIdentity.php:12)
Stack trace:
#0 C:\wamp\www\yii\framework\validators\CValidator.php(201): CInlineValidator->validateAttribute()
#1 C:\wamp\www\yii\framework\base\CModel.php(159): CInlineValidator->validate()
#2 C:\wamp\www\testrekoadministracion\protected\controllers\SiteController.php(94): LoginForm->validate()
#3 C:\wamp\www\yii\framework\web\actions\CInlineAction.php(49): SiteController->actionLogin()
#4 C:\wamp\www\yii\framework\web\CController.php(308): CInlineAction->runWithParams()
#5 C:\wamp\www\yii\framework\web\CController.php(286): SiteController->runAction()
#6 C:\wamp\www\yii\framework\web\CController.php(265): SiteController->runActionWithFilters()
#7 C:\wamp\www\yii\framework\web\CWebApplication.php(282): SiteController->run()
#8 C:\wamp\www\yii\framework\web\CWebApplication.php(141): CWebApplication->runController()
#9 C:\wamp\www\yii\framework\base\CApplication.php(184): CWebApplication->processRequest()
#10 C:\wamp\www\testrekoadministracion\index.php(13): CWebApplication->run()
REQUEST_URI=/testrekoadministracion/site/login
in C:\wamp\www\testrekoadministracion\protected\components\UserIdentity.php (12)
in C:\wamp\www\testrekoadministracion\protected\models\LoginForm.php (52)
in C:\wamp\www\testrekoadministracion\protected\controllers\SiteController.php (94)
2015/06/18 19:17:10 [error] [php] include(Users.php) [<a href='function.include'>function.include</a>]: failed to open stream: No such file or directory (C:\wamp\www\yii\framework\YiiBase.php:432)
Stack trace:
#0 C:\wamp\www\testrekoadministracion\protected\components\UserIdentity.php(9): spl_autoload_call()
#1 C:\wamp\www\testrekoadministracion\protected\models\LoginForm.php(52): UserIdentity->authenticate()
#2 C:\wamp\www\yii\framework\validators\CInlineValidator.php(42): LoginForm->authenticate()
#3 C:\wamp\www\yii\framework\validators\CValidator.php(201): CInlineValidator->validateAttribute()
#4 C:\wamp\www\yii\framework\base\CModel.php(159): CInlineValidator->validate()
#5 C:\wamp\www\testrekoadministracion\protected\controllers\SiteController.php(94): LoginForm->validate()
#6 C:\wamp\www\yii\framework\web\actions\CInlineAction.php(49): SiteController->actionLogin()
#7 C:\wamp\www\yii\framework\web\CController.php(308): CInlineAction->runWithParams()
#8 C:\wamp\www\yii\framework\web\CController.php(286): SiteController->runAction()
#9 C:\wamp\www\yii\framework\web\CController.php(265): SiteController->runActionWithFilters()
#10 C:\wamp\www\yii\framework\web\CWebApplication.php(282): SiteController->run()
#11 C:\wamp\www\yii\framework\web\CWebApplication.php(141): CWebApplication->runController()
#12 C:\wamp\www\yii\framework\base\CApplication.php(184): CWebApplication->processRequest()
#13 C:\wamp\www\testrekoadministracion\index.php(13): CWebApplication->run()
REQUEST_URI=/testrekoadministracion/site/login
in C:\wamp\www\testrekoadministracion\protected\components\UserIdentity.php (9)
in C:\wamp\www\testrekoadministracion\protected\models\LoginForm.php (52)
in C:\wamp\www\testrekoadministracion\protected\controllers\SiteController.php (94)
2015/06/18 19:17:16 [error] [php] include(Users.php) [<a href='function.include'>function.include</a>]: failed to open stream: No such file or directory (C:\wamp\www\yii\framework\YiiBase.php:432)
Stack trace:
#0 C:\wamp\www\testrekoadministracion\protected\components\UserIdentity.php(9): spl_autoload_call()
#1 C:\wamp\www\testrekoadministracion\protected\models\LoginForm.php(52): UserIdentity->authenticate()
#2 C:\wamp\www\yii\framework\validators\CInlineValidator.php(42): LoginForm->authenticate()
#3 C:\wamp\www\yii\framework\validators\CValidator.php(201): CInlineValidator->validateAttribute()
#4 C:\wamp\www\yii\framework\base\CModel.php(159): CInlineValidator->validate()
#5 C:\wamp\www\testrekoadministracion\protected\controllers\SiteController.php(94): LoginForm->validate()
#6 C:\wamp\www\yii\framework\web\actions\CInlineAction.php(49): SiteController->actionLogin()
#7 C:\wamp\www\yii\framework\web\CController.php(308): CInlineAction->runWithParams()
#8 C:\wamp\www\yii\framework\web\CController.php(286): SiteController->runAction()
#9 C:\wamp\www\yii\framework\web\CController.php(265): SiteController->runActionWithFilters()
#10 C:\wamp\www\yii\framework\web\CWebApplication.php(282): SiteController->run()
#11 C:\wamp\www\yii\framework\web\CWebApplication.php(141): CWebApplication->runController()
#12 C:\wamp\www\yii\framework\base\CApplication.php(184): CWebApplication->processRequest()
#13 C:\wamp\www\testrekoadministracion\index.php(13): CWebApplication->run()
REQUEST_URI=/testrekoadministracion/site/login
in C:\wamp\www\testrekoadministracion\protected\components\UserIdentity.php (9)
in C:\wamp\www\testrekoadministracion\protected\models\LoginForm.php (52)
in C:\wamp\www\testrekoadministracion\protected\controllers\SiteController.php (94)
2015/06/18 19:19:20 [error] [php] include(UsuarioAdministrador.php) [<a href='function.include'>function.include</a>]: failed to open stream: No such file or directory (C:\wamp\www\yii\framework\YiiBase.php:432)
Stack trace:
#0 C:\wamp\www\testrekoadministracion\protected\components\UserIdentity.php(9): spl_autoload_call()
#1 C:\wamp\www\testrekoadministracion\protected\models\LoginForm.php(52): UserIdentity->authenticate()
#2 C:\wamp\www\yii\framework\validators\CInlineValidator.php(42): LoginForm->authenticate()
#3 C:\wamp\www\yii\framework\validators\CValidator.php(201): CInlineValidator->validateAttribute()
#4 C:\wamp\www\yii\framework\base\CModel.php(159): CInlineValidator->validate()
#5 C:\wamp\www\testrekoadministracion\protected\controllers\SiteController.php(94): LoginForm->validate()
#6 C:\wamp\www\yii\framework\web\actions\CInlineAction.php(49): SiteController->actionLogin()
#7 C:\wamp\www\yii\framework\web\CController.php(308): CInlineAction->runWithParams()
#8 C:\wamp\www\yii\framework\web\CController.php(286): SiteController->runAction()
#9 C:\wamp\www\yii\framework\web\CController.php(265): SiteController->runActionWithFilters()
#10 C:\wamp\www\yii\framework\web\CWebApplication.php(282): SiteController->run()
#11 C:\wamp\www\yii\framework\web\CWebApplication.php(141): CWebApplication->runController()
#12 C:\wamp\www\yii\framework\base\CApplication.php(184): CWebApplication->processRequest()
#13 C:\wamp\www\testrekoadministracion\index.php(13): CWebApplication->run()
REQUEST_URI=/testrekoadministracion/site/login
in C:\wamp\www\testrekoadministracion\protected\components\UserIdentity.php (9)
in C:\wamp\www\testrekoadministracion\protected\models\LoginForm.php (52)
in C:\wamp\www\testrekoadministracion\protected\controllers\SiteController.php (94)
2015/06/18 19:19:27 [error] [php] include(UsuarioAdministrador.php) [<a href='function.include'>function.include</a>]: failed to open stream: No such file or directory (C:\wamp\www\yii\framework\YiiBase.php:432)
Stack trace:
#0 C:\wamp\www\testrekoadministracion\protected\components\UserIdentity.php(9): spl_autoload_call()
#1 C:\wamp\www\testrekoadministracion\protected\models\LoginForm.php(52): UserIdentity->authenticate()
#2 C:\wamp\www\yii\framework\validators\CInlineValidator.php(42): LoginForm->authenticate()
#3 C:\wamp\www\yii\framework\validators\CValidator.php(201): CInlineValidator->validateAttribute()
#4 C:\wamp\www\yii\framework\base\CModel.php(159): CInlineValidator->validate()
#5 C:\wamp\www\testrekoadministracion\protected\controllers\SiteController.php(94): LoginForm->validate()
#6 C:\wamp\www\yii\framework\web\actions\CInlineAction.php(49): SiteController->actionLogin()
#7 C:\wamp\www\yii\framework\web\CController.php(308): CInlineAction->runWithParams()
#8 C:\wamp\www\yii\framework\web\CController.php(286): SiteController->runAction()
#9 C:\wamp\www\yii\framework\web\CController.php(265): SiteController->runActionWithFilters()
#10 C:\wamp\www\yii\framework\web\CWebApplication.php(282): SiteController->run()
#11 C:\wamp\www\yii\framework\web\CWebApplication.php(141): CWebApplication->runController()
#12 C:\wamp\www\yii\framework\base\CApplication.php(184): CWebApplication->processRequest()
#13 C:\wamp\www\testrekoadministracion\index.php(13): CWebApplication->run()
REQUEST_URI=/testrekoadministracion/site/login
in C:\wamp\www\testrekoadministracion\protected\components\UserIdentity.php (9)
in C:\wamp\www\testrekoadministracion\protected\models\LoginForm.php (52)
in C:\wamp\www\testrekoadministracion\protected\controllers\SiteController.php (94)
2015/06/19 12:56:22 [error] [php] include(UsuarioAdministrador.php) [<a href='function.include'>function.include</a>]: failed to open stream: No such file or directory (C:\wamp\www\yii\framework\YiiBase.php:432)
Stack trace:
#0 C:\wamp\www\testrekoadministracion\protected\components\UserIdentity.php(37): spl_autoload_call()
#1 C:\wamp\www\testrekoadministracion\protected\models\LoginForm.php(52): UserIdentity->authenticate()
#2 C:\wamp\www\yii\framework\validators\CInlineValidator.php(42): LoginForm->authenticate()
#3 C:\wamp\www\yii\framework\validators\CValidator.php(201): CInlineValidator->validateAttribute()
#4 C:\wamp\www\yii\framework\base\CModel.php(159): CInlineValidator->validate()
#5 C:\wamp\www\testrekoadministracion\protected\controllers\SiteController.php(94): LoginForm->validate()
#6 C:\wamp\www\yii\framework\web\actions\CInlineAction.php(49): SiteController->actionLogin()
#7 C:\wamp\www\yii\framework\web\CController.php(308): CInlineAction->runWithParams()
#8 C:\wamp\www\yii\framework\web\CController.php(286): SiteController->runAction()
#9 C:\wamp\www\yii\framework\web\CController.php(265): SiteController->runActionWithFilters()
#10 C:\wamp\www\yii\framework\web\CWebApplication.php(282): SiteController->run()
#11 C:\wamp\www\yii\framework\web\CWebApplication.php(141): CWebApplication->runController()
#12 C:\wamp\www\yii\framework\base\CApplication.php(184): CWebApplication->processRequest()
#13 C:\wamp\www\testrekoadministracion\index.php(13): CWebApplication->run()
REQUEST_URI=/testrekoadministracion/site/login
in C:\wamp\www\testrekoadministracion\protected\components\UserIdentity.php (37)
in C:\wamp\www\testrekoadministracion\protected\models\LoginForm.php (52)
in C:\wamp\www\testrekoadministracion\protected\controllers\SiteController.php (94)
2015/06/19 12:59:44 [error] [php] include(C:\wamp\www\testrekoadministracion\protected\modules\administracion_usuario_administrador\UsuarioAdministrador.php) [<a href='function.include'>function.include</a>]: failed to open stream: No such file or directory (C:\wamp\www\yii\framework\YiiBase.php:404)
Stack trace:
#0 C:\wamp\www\testrekoadministracion\protected\components\UserIdentity.php(37): spl_autoload_call()
#1 C:\wamp\www\testrekoadministracion\protected\models\LoginForm.php(52): UserIdentity->authenticate()
#2 C:\wamp\www\yii\framework\validators\CInlineValidator.php(42): LoginForm->authenticate()
#3 C:\wamp\www\yii\framework\validators\CValidator.php(201): CInlineValidator->validateAttribute()
#4 C:\wamp\www\yii\framework\base\CModel.php(159): CInlineValidator->validate()
#5 C:\wamp\www\testrekoadministracion\protected\controllers\SiteController.php(94): LoginForm->validate()
#6 C:\wamp\www\yii\framework\web\actions\CInlineAction.php(49): SiteController->actionLogin()
#7 C:\wamp\www\yii\framework\web\CController.php(308): CInlineAction->runWithParams()
#8 C:\wamp\www\yii\framework\web\CController.php(286): SiteController->runAction()
#9 C:\wamp\www\yii\framework\web\CController.php(265): SiteController->runActionWithFilters()
#10 C:\wamp\www\yii\framework\web\CWebApplication.php(282): SiteController->run()
#11 C:\wamp\www\yii\framework\web\CWebApplication.php(141): CWebApplication->runController()
#12 C:\wamp\www\yii\framework\base\CApplication.php(184): CWebApplication->processRequest()
#13 C:\wamp\www\testrekoadministracion\index.php(13): CWebApplication->run()
REQUEST_URI=/testrekoadministracion/site/login
in C:\wamp\www\testrekoadministracion\protected\components\UserIdentity.php (37)
in C:\wamp\www\testrekoadministracion\protected\models\LoginForm.php (52)
in C:\wamp\www\testrekoadministracion\protected\controllers\SiteController.php (94)
2015/06/19 13:00:54 [error] [php] include(UsuarioAdministrador.php) [<a href='function.include'>function.include</a>]: failed to open stream: No such file or directory (C:\wamp\www\yii\framework\YiiBase.php:432)
Stack trace:
#0 C:\wamp\www\testrekoadministracion\protected\components\UserIdentity.php(37): spl_autoload_call()
#1 C:\wamp\www\testrekoadministracion\protected\models\LoginForm.php(52): UserIdentity->authenticate()
#2 C:\wamp\www\yii\framework\validators\CInlineValidator.php(42): LoginForm->authenticate()
#3 C:\wamp\www\yii\framework\validators\CValidator.php(201): CInlineValidator->validateAttribute()
#4 C:\wamp\www\yii\framework\base\CModel.php(159): CInlineValidator->validate()
#5 C:\wamp\www\testrekoadministracion\protected\controllers\SiteController.php(94): LoginForm->validate()
#6 C:\wamp\www\yii\framework\web\actions\CInlineAction.php(49): SiteController->actionLogin()
#7 C:\wamp\www\yii\framework\web\CController.php(308): CInlineAction->runWithParams()
#8 C:\wamp\www\yii\framework\web\CController.php(286): SiteController->runAction()
#9 C:\wamp\www\yii\framework\web\CController.php(265): SiteController->runActionWithFilters()
#10 C:\wamp\www\yii\framework\web\CWebApplication.php(282): SiteController->run()
#11 C:\wamp\www\yii\framework\web\CWebApplication.php(141): CWebApplication->runController()
#12 C:\wamp\www\yii\framework\base\CApplication.php(184): CWebApplication->processRequest()
#13 C:\wamp\www\testrekoadministracion\index.php(13): CWebApplication->run()
REQUEST_URI=/testrekoadministracion/site/login
in C:\wamp\www\testrekoadministracion\protected\components\UserIdentity.php (37)
in C:\wamp\www\testrekoadministracion\protected\models\LoginForm.php (52)
in C:\wamp\www\testrekoadministracion\protected\controllers\SiteController.php (94)
